Using pre-set license
Built from '2020.2/release' branch; Version is '2020.2.0f1 (3721df5a8b28) revision 3613151'; Using compiler version '192528614'; Build Type 'Release'
OS: 'Windows 10  (10.0.0) 64bit' Language: 'en' Physical Memory: 16337 MB
BatchMode: 1, IsHumanControllingUs: 0, StartBugReporterOnCrash: 0, Is64bit: 1, IsPro: 0

 COMMAND LINE ARGUMENTS:
D:\Unity\2020.2.0f1\Editor\Unity.exe
-adb2
-batchMode
-noUpm
-name
AssetImportWorker0
-projectPath
D:/Projects/FlavBattle/FlavBattle
-logFile
Logs/AssetImportWorker0.log
-srvPort
50151
Successfully changed project path to: D:/Projects/FlavBattle/FlavBattle
D:/Projects/FlavBattle/FlavBattle
Using Asset Import Pipeline V2.
Refreshing native plugins compatible for Editor in 86.03 ms, found 0 plugins.
Preloading 0 native plugins for Editor in 0.00 ms.
Initialize engine version: 2020.2.0f1 (3721df5a8b28)
[Subsystems] Discovering subsystems at path D:/Unity/2020.2.0f1/Editor/Data/Resources/UnitySubsystems
[Subsystems] Discovering subsystems at path D:/Projects/FlavBattle/FlavBattle/Assets
GfxDevice: creating device client; threaded=0
Direct3D:
    Version:  Direct3D 11.0 [level 11.1]
    Renderer: NVIDIA GeForce GTX 1080 (ID=0x1b80)
    Vendor:   
    VRAM:     8079 MB
    Driver:   27.21.14.5679
Initialize mono
Mono path[0] = 'D:/Unity/2020.2.0f1/Editor/Data/Managed'
Mono path[1] = 'D:/Unity/2020.2.0f1/Editor/Data/MonoBleedingEdge/lib/mono/unityjit'
Mono config path = 'D:/Unity/2020.2.0f1/Editor/Data/MonoBleedingEdge/etc'
Using monoOptions --debugger-agent=transport=dt_socket,embedding=1,server=y,suspend=n,address=127.0.0.1:56716
Begin MonoManager ReloadAssembly
Registering precompiled unity dll's ...
Register platform support module: D:/Unity/2020.2.0f1/Editor/Data/PlaybackEngines/WebGLSupport/UnityEditor.WebGL.Extensions.dll
Register platform support module: D:/Unity/2020.2.0f1/Editor/Data/PlaybackEngines/WindowsStandaloneSupport/UnityEditor.WindowsStandalone.Extensions.dll
Registered in 0.001342 seconds.
Native extension for WindowsStandalone target not found
Native extension for WebGL target not found
Refreshing native plugins compatible for Editor in 67.49 ms, found 0 plugins.
Preloading 0 native plugins for Editor in 0.00 ms.
Invoked RoslynAnalysisRunner static constructor.
RoslynAnalysisRunner will not be running.
RoslynAnalysisRunner has terminated.
Mono: successfully reloaded assembly
- Completed reload, in  1.201 seconds
Platform modules already initialized, skipping
Registering precompiled user dll's ...
Registered in 0.002486 seconds.
Begin MonoManager ReloadAssembly
Native extension for WindowsStandalone target not found
Native extension for WebGL target not found
Refreshing native plugins compatible for Editor in 1.28 ms, found 0 plugins.
Preloading 0 native plugins for Editor in 0.00 ms.
Invoked RoslynAnalysisRunner static constructor.
RoslynAnalysisRunner will not be running.
RoslynAnalysisRunner has terminated.
Mono: successfully reloaded assembly
- Completed reload, in  1.544 seconds
Platform modules already initialized, skipping
========================================================================
Worker process is ready to serve import requests
Launched and connected shader compiler UnityShaderCompiler.exe after 0.06 seconds
Refreshing native plugins compatible for Editor in 0.81 ms, found 0 plugins.
Preloading 0 native plugins for Editor in 0.00 ms.
Unloading 1610 Unused Serialized files (Serialized files now loaded: 0)
System memory in use before: 75.5 MB.
System memory in use after: 75.6 MB.

Unloading 34 unused Assets to reduce memory usage. Loaded Objects now: 2046.
Total: 1.929500 ms (FindLiveObjects: 0.177400 ms CreateObjectMapping: 0.057200 ms MarkObjects: 1.646900 ms  DeleteObjects: 0.046900 ms)

========================================================================
Received Import Request.
  path: Assets/Resources/Abilities/Combat/Arrow.asset
  artifactKey: Guid(af529507749380d4b8ebd4323bfe9555) Importer(815301076,1909f56bfc062723c751e8b465ee728b)
Start importing Assets/Resources/Abilities/Combat/Arrow.asset using Guid(af529507749380d4b8ebd4323bfe9555) Importer(815301076,1909f56bfc062723c751e8b465ee728b)  -> (artifact id: '072d2bde788d779d1be3b3c21b76788e') in 0.088785 seconds
  Import took 0.103297 seconds .

========================================================================
Received Import Request.
  Time since last request: 2.112103 seconds.
  path: Assets/Resources/Abilities/Combat/LightClubBash.asset
  artifactKey: Guid(66852593919b2064688b402db09f140a) Importer(815301076,1909f56bfc062723c751e8b465ee728b)
Start importing Assets/Resources/Abilities/Combat/LightClubBash.asset using Guid(66852593919b2064688b402db09f140a) Importer(815301076,1909f56bfc062723c751e8b465ee728b)  -> (artifact id: '9a27e0ea7507adb52563ffe972bf9efe') in 0.024070 seconds
  Import took 0.028777 seconds .

========================================================================
Received Import Request.
  Time since last request: 3.567461 seconds.
  path: Assets/Resources/Abilities/Combat/SwordSlash.asset
  artifactKey: Guid(aa2a7264b794b6b44afb90fc120c653c) Importer(815301076,1909f56bfc062723c751e8b465ee728b)
Start importing Assets/Resources/Abilities/Combat/SwordSlash.asset using Guid(aa2a7264b794b6b44afb90fc120c653c) Importer(815301076,1909f56bfc062723c751e8b465ee728b)  -> (artifact id: 'b5a4f290b5f1fb3787d13f0ad6ba2025') in 0.022102 seconds
  Import took 0.030123 seconds .

========================================================================
Received Import Request.
  Time since last request: 7.040537 seconds.
  path: Assets/Resources/Abilities/Combat/Buffs
  artifactKey: Guid(e7c71f0d3fc5e0e459a0a30d55ca3db8) Importer(815301076,1909f56bfc062723c751e8b465ee728b)
Start importing Assets/Resources/Abilities/Combat/Buffs using Guid(e7c71f0d3fc5e0e459a0a30d55ca3db8) Importer(815301076,1909f56bfc062723c751e8b465ee728b)  -> (artifact id: '7b336c43773f78abc5b47b3fd5b1221e') in 0.005852 seconds
  Import took 0.015543 seconds .

========================================================================
Received Prepare
Registering precompiled user dll's ...
Registered in 0.002969 seconds.
Begin MonoManager ReloadAssembly
Native extension for WindowsStandalone target not found
Native extension for WebGL target not found
Refreshing native plugins compatible for Editor in 0.94 ms, found 0 plugins.
Preloading 0 native plugins for Editor in 0.00 ms.
Invoked RoslynAnalysisRunner static constructor.
RoslynAnalysisRunner will not be running.
RoslynAnalysisRunner has terminated.
Mono: successfully reloaded assembly
- Completed reload, in  1.421 seconds
Platform modules already initialized, skipping
Refreshing native plugins compatible for Editor in 0.86 ms, found 0 plugins.
Preloading 0 native plugins for Editor in 0.00 ms.
Unloading 1594 Unused Serialized files (Serialized files now loaded: 0)
System memory in use before: 74.8 MB.
System memory in use after: 74.9 MB.

Unloading 26 unused Assets to reduce memory usage. Loaded Objects now: 2048.
Total: 2.527800 ms (FindLiveObjects: 0.365800 ms CreateObjectMapping: 0.106700 ms MarkObjects: 2.007800 ms  DeleteObjects: 0.046300 ms)

========================================================================
Received Prepare
Registering precompiled user dll's ...
Registered in 0.003033 seconds.
Begin MonoManager ReloadAssembly
Native extension for WindowsStandalone target not found
Native extension for WebGL target not found
Refreshing native plugins compatible for Editor in 0.80 ms, found 0 plugins.
Preloading 0 native plugins for Editor in 0.00 ms.
Invoked RoslynAnalysisRunner static constructor.
RoslynAnalysisRunner will not be running.
RoslynAnalysisRunner has terminated.
Mono: successfully reloaded assembly
- Completed reload, in  1.420 seconds
Platform modules already initialized, skipping
Refreshing native plugins compatible for Editor in 1.13 ms, found 0 plugins.
Preloading 0 native plugins for Editor in 0.00 ms.
Unloading 1594 Unused Serialized files (Serialized files now loaded: 0)
System memory in use before: 75.0 MB.
System memory in use after: 75.1 MB.

Unloading 26 unused Assets to reduce memory usage. Loaded Objects now: 2050.
Total: 1.802300 ms (FindLiveObjects: 0.230100 ms CreateObjectMapping: 0.067800 ms MarkObjects: 1.463600 ms  DeleteObjects: 0.039700 ms)

========================================================================
Received Prepare
Registering precompiled user dll's ...
Registered in 0.004000 seconds.
Begin MonoManager ReloadAssembly
Native extension for WindowsStandalone target not found
Native extension for WebGL target not found
Refreshing native plugins compatible for Editor in 0.83 ms, found 0 plugins.
Preloading 0 native plugins for Editor in 0.00 ms.
Invoked RoslynAnalysisRunner static constructor.
RoslynAnalysisRunner will not be running.
RoslynAnalysisRunner has terminated.
Mono: successfully reloaded assembly
- Completed reload, in  1.393 seconds
Platform modules already initialized, skipping
Refreshing native plugins compatible for Editor in 0.89 ms, found 0 plugins.
Preloading 0 native plugins for Editor in 0.00 ms.
Unloading 1594 Unused Serialized files (Serialized files now loaded: 0)
System memory in use before: 75.2 MB.
System memory in use after: 75.3 MB.

Unloading 26 unused Assets to reduce memory usage. Loaded Objects now: 2052.
Total: 2.055600 ms (FindLiveObjects: 0.263400 ms CreateObjectMapping: 0.063800 ms MarkObjects: 1.681700 ms  DeleteObjects: 0.045800 ms)

========================================================================
Received Prepare
Registering precompiled user dll's ...
Registered in 0.003368 seconds.
Begin MonoManager ReloadAssembly
Native extension for WindowsStandalone target not found
Native extension for WebGL target not found
Refreshing native plugins compatible for Editor in 1.24 ms, found 0 plugins.
Preloading 0 native plugins for Editor in 0.00 ms.
Invoked RoslynAnalysisRunner static constructor.
RoslynAnalysisRunner will not be running.
RoslynAnalysisRunner has terminated.
Mono: successfully reloaded assembly
- Completed reload, in  1.776 seconds
Platform modules already initialized, skipping
Refreshing native plugins compatible for Editor in 1.08 ms, found 0 plugins.
Preloading 0 native plugins for Editor in 0.00 ms.
Unloading 1594 Unused Serialized files (Serialized files now loaded: 0)
System memory in use before: 75.4 MB.
System memory in use after: 75.5 MB.

Unloading 26 unused Assets to reduce memory usage. Loaded Objects now: 2054.
Total: 2.773100 ms (FindLiveObjects: 0.330500 ms CreateObjectMapping: 0.175500 ms MarkObjects: 2.237600 ms  DeleteObjects: 0.027800 ms)

========================================================================
Received Prepare
Registering precompiled user dll's ...
Registered in 0.002873 seconds.
Begin MonoManager ReloadAssembly
Native extension for WindowsStandalone target not found
Native extension for WebGL target not found
Refreshing native plugins compatible for Editor in 1.04 ms, found 0 plugins.
Preloading 0 native plugins for Editor in 0.00 ms.
Invoked RoslynAnalysisRunner static constructor.
RoslynAnalysisRunner will not be running.
RoslynAnalysisRunner has terminated.
Mono: successfully reloaded assembly
- Completed reload, in  1.399 seconds
Platform modules already initialized, skipping
Refreshing native plugins compatible for Editor in 0.80 ms, found 0 plugins.
Preloading 0 native plugins for Editor in 0.00 ms.
Unloading 1594 Unused Serialized files (Serialized files now loaded: 0)
System memory in use before: 75.5 MB.
System memory in use after: 75.6 MB.

Unloading 26 unused Assets to reduce memory usage. Loaded Objects now: 2056.
Total: 2.027800 ms (FindLiveObjects: 0.357600 ms CreateObjectMapping: 0.087800 ms MarkObjects: 1.558300 ms  DeleteObjects: 0.022800 ms)

========================================================================
Received Prepare
Registering precompiled user dll's ...
Registered in 0.002838 seconds.
Begin MonoManager ReloadAssembly
Native extension for WindowsStandalone target not found
Native extension for WebGL target not found
Refreshing native plugins compatible for Editor in 0.79 ms, found 0 plugins.
Preloading 0 native plugins for Editor in 0.00 ms.
Invoked RoslynAnalysisRunner static constructor.
RoslynAnalysisRunner will not be running.
RoslynAnalysisRunner has terminated.
Mono: successfully reloaded assembly
- Completed reload, in  1.324 seconds
Platform modules already initialized, skipping
Refreshing native plugins compatible for Editor in 0.80 ms, found 0 plugins.
Preloading 0 native plugins for Editor in 0.00 ms.
Unloading 1594 Unused Serialized files (Serialized files now loaded: 0)
System memory in use before: 75.7 MB.
System memory in use after: 75.8 MB.

Unloading 26 unused Assets to reduce memory usage. Loaded Objects now: 2058.
Total: 2.034500 ms (FindLiveObjects: 0.358500 ms CreateObjectMapping: 0.086800 ms MarkObjects: 1.568500 ms  DeleteObjects: 0.019800 ms)

========================================================================
Received Import Request.
  Time since last request: 621.861298 seconds.
  path: Assets/Prefabs/Army/CombatUI/BattleDisplay.prefab
  artifactKey: Guid(a142ca29ab85c98468281adb2e1cd328) Importer(815301076,1909f56bfc062723c751e8b465ee728b)
Start importing Assets/Prefabs/Army/CombatUI/BattleDisplay.prefab using Guid(a142ca29ab85c98468281adb2e1cd328) Importer(815301076,1909f56bfc062723c751e8b465ee728b)  -> (artifact id: 'a1c5c247ecd1160f7c10290675a90127') in 0.212411 seconds
  Import took 0.224818 seconds .

========================================================================
Received Prepare
Registering precompiled user dll's ...
Registered in 0.002744 seconds.
Begin MonoManager ReloadAssembly
Native extension for WindowsStandalone target not found
Native extension for WebGL target not found
Refreshing native plugins compatible for Editor in 0.81 ms, found 0 plugins.
Preloading 0 native plugins for Editor in 0.00 ms.
Invoked RoslynAnalysisRunner static constructor.
RoslynAnalysisRunner will not be running.
RoslynAnalysisRunner has terminated.
Mono: successfully reloaded assembly
- Completed reload, in  1.320 seconds
Platform modules already initialized, skipping
Refreshing native plugins compatible for Editor in 0.84 ms, found 0 plugins.
Preloading 0 native plugins for Editor in 0.00 ms.
Unloading 1594 Unused Serialized files (Serialized files now loaded: 0)
System memory in use before: 79.4 MB.
System memory in use after: 79.5 MB.

Unloading 26 unused Assets to reduce memory usage. Loaded Objects now: 2068.
Total: 1.999500 ms (FindLiveObjects: 0.188600 ms CreateObjectMapping: 0.090100 ms MarkObjects: 1.686800 ms  DeleteObjects: 0.032900 ms)

========================================================================
Received Import Request.
  Time since last request: 9.128581 seconds.
  path: Assets/Prefabs/Army/CombatUI/CombatUnit.prefab
  artifactKey: Guid(b527712f0c0515b4d84a130b9cf9ec00) Importer(815301076,1909f56bfc062723c751e8b465ee728b)
Start importing Assets/Prefabs/Army/CombatUI/CombatUnit.prefab using Guid(b527712f0c0515b4d84a130b9cf9ec00) Importer(815301076,1909f56bfc062723c751e8b465ee728b)  -> (artifact id: '658988d2ecf500845d1ff7bb66c0cded') in 0.109982 seconds
  Import took 0.133754 seconds .

========================================================================
Received Import Request.
  Time since last request: 5.069645 seconds.
  path: Assets/Prefabs/Army/CombatUI/CombatUnit.prefab
  artifactKey: Guid(b527712f0c0515b4d84a130b9cf9ec00) Importer(815301076,1909f56bfc062723c751e8b465ee728b)
Start importing Assets/Prefabs/Army/CombatUI/CombatUnit.prefab using Guid(b527712f0c0515b4d84a130b9cf9ec00) Importer(815301076,1909f56bfc062723c751e8b465ee728b)  -> (artifact id: '68a1b052f339509e43e8b0bb1a3af35e') in 0.057034 seconds
  Import took 0.078397 seconds .

========================================================================
Received Import Request.
  Time since last request: 39.056654 seconds.
  path: Assets/Prefabs/Army/CombatUI/CombatUnit.prefab
  artifactKey: Guid(b527712f0c0515b4d84a130b9cf9ec00) Importer(815301076,1909f56bfc062723c751e8b465ee728b)
Start importing Assets/Prefabs/Army/CombatUI/CombatUnit.prefab using Guid(b527712f0c0515b4d84a130b9cf9ec00) Importer(815301076,1909f56bfc062723c751e8b465ee728b)  -> (artifact id: '2e403f0e0c606863462f40a2a7ed3a14') in 0.039579 seconds
  Import took 0.044699 seconds .

========================================================================
Received Import Request.
  Time since last request: 8.621133 seconds.
  path: Assets/Prefabs/Army/CombatUI/CombatUnit.prefab
  artifactKey: Guid(b527712f0c0515b4d84a130b9cf9ec00) Importer(815301076,1909f56bfc062723c751e8b465ee728b)
Start importing Assets/Prefabs/Army/CombatUI/CombatUnit.prefab using Guid(b527712f0c0515b4d84a130b9cf9ec00) Importer(815301076,1909f56bfc062723c751e8b465ee728b)  -> (artifact id: '077cb7c431eee9763a7e69d890bddb12') in 0.046146 seconds
  Import took 0.050035 seconds .

========================================================================
Received Import Request.
  Time since last request: 13.020801 seconds.
  path: Assets/Prefabs/Army/CombatUI/CombatUnit.prefab
  artifactKey: Guid(b527712f0c0515b4d84a130b9cf9ec00) Importer(815301076,1909f56bfc062723c751e8b465ee728b)
Start importing Assets/Prefabs/Army/CombatUI/CombatUnit.prefab using Guid(b527712f0c0515b4d84a130b9cf9ec00) Importer(815301076,1909f56bfc062723c751e8b465ee728b)  -> (artifact id: '20feb91685ceb7230e5182909662509c') in 0.041425 seconds
  Import took 0.045409 seconds .

========================================================================
Received Import Request.
  Time since last request: 11.850308 seconds.
  path: Assets/Prefabs/Army/CombatUI/CombatUnit.prefab
  artifactKey: Guid(b527712f0c0515b4d84a130b9cf9ec00) Importer(815301076,1909f56bfc062723c751e8b465ee728b)
Start importing Assets/Prefabs/Army/CombatUI/CombatUnit.prefab using Guid(b527712f0c0515b4d84a130b9cf9ec00) Importer(815301076,1909f56bfc062723c751e8b465ee728b)  -> (artifact id: '41307fdd663450cca9a48b96f388928f') in 0.045122 seconds
  Import took 0.056103 seconds .

========================================================================
Received Import Request.
  Time since last request: 40.367149 seconds.
  path: Assets/Prefabs/Army/CombatUI/CombatUnit.prefab
  artifactKey: Guid(b527712f0c0515b4d84a130b9cf9ec00) Importer(815301076,1909f56bfc062723c751e8b465ee728b)
Start importing Assets/Prefabs/Army/CombatUI/CombatUnit.prefab using Guid(b527712f0c0515b4d84a130b9cf9ec00) Importer(815301076,1909f56bfc062723c751e8b465ee728b)  -> (artifact id: 'e3d3b025f64c172a18a038cef001b86f') in 0.061083 seconds
  Import took 0.070949 seconds .

========================================================================
Received Import Request.
  Time since last request: 2.357695 seconds.
  path: Assets/Prefabs/Army/CombatUI/CombatUnit.prefab
  artifactKey: Guid(b527712f0c0515b4d84a130b9cf9ec00) Importer(815301076,1909f56bfc062723c751e8b465ee728b)
Start importing Assets/Prefabs/Army/CombatUI/CombatUnit.prefab using Guid(b527712f0c0515b4d84a130b9cf9ec00) Importer(815301076,1909f56bfc062723c751e8b465ee728b)  -> (artifact id: '3cd4708ef61fafea3dc9bc2abb802913') in 0.046628 seconds
  Import took 0.070716 seconds .

========================================================================
Received Import Request.
  Time since last request: 13.051942 seconds.
  path: Assets/Prefabs/Army/CombatUI/CombatUnit.prefab
  artifactKey: Guid(b527712f0c0515b4d84a130b9cf9ec00) Importer(815301076,1909f56bfc062723c751e8b465ee728b)
Start importing Assets/Prefabs/Army/CombatUI/CombatUnit.prefab using Guid(b527712f0c0515b4d84a130b9cf9ec00) Importer(815301076,1909f56bfc062723c751e8b465ee728b)  -> (artifact id: 'e9557bd22735f20e6d6aef47e7ffcf5c') in 0.039854 seconds
  Import took 0.044160 seconds .

========================================================================
Received Import Request.
  Time since last request: 23.464571 seconds.
  path: Assets/Prefabs/Army/CombatUI/CombatUnit.prefab
  artifactKey: Guid(b527712f0c0515b4d84a130b9cf9ec00) Importer(815301076,1909f56bfc062723c751e8b465ee728b)
Start importing Assets/Prefabs/Army/CombatUI/CombatUnit.prefab using Guid(b527712f0c0515b4d84a130b9cf9ec00) Importer(815301076,1909f56bfc062723c751e8b465ee728b)  -> (artifact id: 'c4608cbdf68e83b2c798afd999d9eb2e') in 0.036952 seconds
  Import took 0.050035 seconds .

========================================================================
Received Import Request.
  Time since last request: 9.631490 seconds.
  path: Assets/Prefabs/Army/CombatUI/CombatUnit.prefab
  artifactKey: Guid(b527712f0c0515b4d84a130b9cf9ec00) Importer(815301076,1909f56bfc062723c751e8b465ee728b)
Start importing Assets/Prefabs/Army/CombatUI/CombatUnit.prefab using Guid(b527712f0c0515b4d84a130b9cf9ec00) Importer(815301076,1909f56bfc062723c751e8b465ee728b)  -> (artifact id: '37140abd3567337d9de21d179cb3f83a') in 0.038971 seconds
  Import took 0.043398 seconds .

========================================================================
Received Import Request.
  Time since last request: 9.035655 seconds.
  path: Assets/Prefabs/Army/CombatUI/CombatUnit.prefab
  artifactKey: Guid(b527712f0c0515b4d84a130b9cf9ec00) Importer(815301076,1909f56bfc062723c751e8b465ee728b)
Start importing Assets/Prefabs/Army/CombatUI/CombatUnit.prefab using Guid(b527712f0c0515b4d84a130b9cf9ec00) Importer(815301076,1909f56bfc062723c751e8b465ee728b)  -> (artifact id: '4402643b8c7e70e3f2a91f47ceef367a') in 0.062209 seconds
  Import took 0.074163 seconds .

========================================================================
Received Import Request.
  Time since last request: 2.981771 seconds.
  path: Assets/Prefabs/Army/CombatUI/CombatUnit.prefab
  artifactKey: Guid(b527712f0c0515b4d84a130b9cf9ec00) Importer(815301076,1909f56bfc062723c751e8b465ee728b)
Start importing Assets/Prefabs/Army/CombatUI/CombatUnit.prefab using Guid(b527712f0c0515b4d84a130b9cf9ec00) Importer(815301076,1909f56bfc062723c751e8b465ee728b)  -> (artifact id: '5d5e39072071d21b41d334329b8854e7') in 0.038531 seconds
  Import took 0.042979 seconds .

========================================================================
Received Import Request.
  Time since last request: 4.395506 seconds.
  path: Assets/Prefabs/Army/CombatUI/CombatUnit.prefab
  artifactKey: Guid(b527712f0c0515b4d84a130b9cf9ec00) Importer(815301076,1909f56bfc062723c751e8b465ee728b)
Start importing Assets/Prefabs/Army/CombatUI/CombatUnit.prefab using Guid(b527712f0c0515b4d84a130b9cf9ec00) Importer(815301076,1909f56bfc062723c751e8b465ee728b)  -> (artifact id: 'd78ee5be66abbf23d080dd19436f3c18') in 0.042106 seconds
  Import took 0.046373 seconds .

========================================================================
Received Import Request.
  Time since last request: 5.872730 seconds.
  path: Assets/Prefabs/Army/CombatUI/CombatUnit.prefab
  artifactKey: Guid(b527712f0c0515b4d84a130b9cf9ec00) Importer(815301076,1909f56bfc062723c751e8b465ee728b)
Start importing Assets/Prefabs/Army/CombatUI/CombatUnit.prefab using Guid(b527712f0c0515b4d84a130b9cf9ec00) Importer(815301076,1909f56bfc062723c751e8b465ee728b)  -> (artifact id: 'c6fa32c693a0f6819254eda5268a3378') in 0.040689 seconds
  Import took 0.044854 seconds .

========================================================================
Received Import Request.
  Time since last request: 16.086694 seconds.
  path: Assets/Prefabs/Army/CombatUI/CombatUnit.prefab
  artifactKey: Guid(b527712f0c0515b4d84a130b9cf9ec00) Importer(815301076,1909f56bfc062723c751e8b465ee728b)
Start importing Assets/Prefabs/Army/CombatUI/CombatUnit.prefab using Guid(b527712f0c0515b4d84a130b9cf9ec00) Importer(815301076,1909f56bfc062723c751e8b465ee728b)  -> (artifact id: '47ba8f28dfc976c886bfb9ca79baf9db') in 0.037971 seconds
  Import took 0.042208 seconds .

========================================================================
Received Import Request.
  Time since last request: 11.129124 seconds.
  path: Assets/Prefabs/Army/CombatUI/CombatUnit.prefab
  artifactKey: Guid(b527712f0c0515b4d84a130b9cf9ec00) Importer(815301076,1909f56bfc062723c751e8b465ee728b)
Start importing Assets/Prefabs/Army/CombatUI/CombatUnit.prefab using Guid(b527712f0c0515b4d84a130b9cf9ec00) Importer(815301076,1909f56bfc062723c751e8b465ee728b)  -> (artifact id: '1d6df049d71212aed6a5006aaba376c5') in 0.040286 seconds
  Import took 0.064955 seconds .

========================================================================
Received Import Request.
  Time since last request: 6.907144 seconds.
  path: Assets/Prefabs/Army/CombatUI/CombatUnit.prefab
  artifactKey: Guid(b527712f0c0515b4d84a130b9cf9ec00) Importer(815301076,1909f56bfc062723c751e8b465ee728b)
Start importing Assets/Prefabs/Army/CombatUI/CombatUnit.prefab using Guid(b527712f0c0515b4d84a130b9cf9ec00) Importer(815301076,1909f56bfc062723c751e8b465ee728b)  -> (artifact id: '3af11e83306af3ab7432e7702681d52e') in 0.044277 seconds
  Import took 0.048212 seconds .

========================================================================
Received Import Request.
  Time since last request: 4.834680 seconds.
  path: Assets/Prefabs/Army/CombatUI/CombatUnit.prefab
  artifactKey: Guid(b527712f0c0515b4d84a130b9cf9ec00) Importer(815301076,1909f56bfc062723c751e8b465ee728b)
Start importing Assets/Prefabs/Army/CombatUI/CombatUnit.prefab using Guid(b527712f0c0515b4d84a130b9cf9ec00) Importer(815301076,1909f56bfc062723c751e8b465ee728b)  -> (artifact id: 'fb78fa48bcaee884f7ac76df0a05dae6') in 0.044422 seconds
  Import took 0.049096 seconds .

========================================================================
Received Import Request.
  Time since last request: 20.680442 seconds.
  path: Assets/Prefabs/Army/CombatUI/CombatUnit.prefab
  artifactKey: Guid(b527712f0c0515b4d84a130b9cf9ec00) Importer(815301076,1909f56bfc062723c751e8b465ee728b)
Start importing Assets/Prefabs/Army/CombatUI/CombatUnit.prefab using Guid(b527712f0c0515b4d84a130b9cf9ec00) Importer(815301076,1909f56bfc062723c751e8b465ee728b)  -> (artifact id: 'fbbfb0518f14237af6f8685d0bbc2951') in 0.041554 seconds
  Import took 0.045440 seconds .

========================================================================
Received Prepare
Registering precompiled user dll's ...
Registered in 0.002841 seconds.
Begin MonoManager ReloadAssembly
Native extension for WindowsStandalone target not found
Native extension for WebGL target not found
Refreshing native plugins compatible for Editor in 0.86 ms, found 0 plugins.
Preloading 0 native plugins for Editor in 0.00 ms.
Invoked RoslynAnalysisRunner static constructor.
RoslynAnalysisRunner will not be running.
RoslynAnalysisRunner has terminated.
Mono: successfully reloaded assembly
- Completed reload, in  1.372 seconds
Platform modules already initialized, skipping
Refreshing native plugins compatible for Editor in 1.00 ms, found 0 plugins.
Preloading 0 native plugins for Editor in 0.00 ms.
Unloading 1594 Unused Serialized files (Serialized files now loaded: 0)
System memory in use before: 79.6 MB.
System memory in use after: 79.7 MB.

Unloading 26 unused Assets to reduce memory usage. Loaded Objects now: 2071.
Total: 1.968800 ms (FindLiveObjects: 0.274000 ms CreateObjectMapping: 0.091500 ms MarkObjects: 1.581900 ms  DeleteObjects: 0.020400 ms)

========================================================================
Received Prepare
Registering precompiled user dll's ...
Registered in 0.002574 seconds.
Begin MonoManager ReloadAssembly
Native extension for WindowsStandalone target not found
Native extension for WebGL target not found
Refreshing native plugins compatible for Editor in 0.77 ms, found 0 plugins.
Preloading 0 native plugins for Editor in 0.00 ms.
Invoked RoslynAnalysisRunner static constructor.
RoslynAnalysisRunner will not be running.
RoslynAnalysisRunner has terminated.
Mono: successfully reloaded assembly
- Completed reload, in  1.299 seconds
Platform modules already initialized, skipping
Refreshing native plugins compatible for Editor in 0.82 ms, found 0 plugins.
Preloading 0 native plugins for Editor in 0.00 ms.
Unloading 1594 Unused Serialized files (Serialized files now loaded: 0)
System memory in use before: 79.8 MB.
System memory in use after: 79.9 MB.

Unloading 26 unused Assets to reduce memory usage. Loaded Objects now: 2073.
Total: 2.039900 ms (FindLiveObjects: 0.198100 ms CreateObjectMapping: 0.051700 ms MarkObjects: 1.770400 ms  DeleteObjects: 0.018900 ms)

========================================================================
Received Prepare
Registering precompiled user dll's ...
Registered in 0.002762 seconds.
Begin MonoManager ReloadAssembly
Native extension for WindowsStandalone target not found
Native extension for WebGL target not found
Refreshing native plugins compatible for Editor in 0.84 ms, found 0 plugins.
Preloading 0 native plugins for Editor in 0.00 ms.
Invoked RoslynAnalysisRunner static constructor.
RoslynAnalysisRunner will not be running.
RoslynAnalysisRunner has terminated.
Mono: successfully reloaded assembly
- Completed reload, in  1.311 seconds
Platform modules already initialized, skipping
Refreshing native plugins compatible for Editor in 0.81 ms, found 0 plugins.
Preloading 0 native plugins for Editor in 0.00 ms.
Unloading 1594 Unused Serialized files (Serialized files now loaded: 0)
System memory in use before: 80.0 MB.
System memory in use after: 80.1 MB.

Unloading 26 unused Assets to reduce memory usage. Loaded Objects now: 2075.
Total: 2.098100 ms (FindLiveObjects: 0.326100 ms CreateObjectMapping: 0.066800 ms MarkObjects: 1.673000 ms  DeleteObjects: 0.031200 ms)

========================================================================
Received Prepare
Registering precompiled user dll's ...
Registered in 0.003145 seconds.
Begin MonoManager ReloadAssembly
Native extension for WindowsStandalone target not found
Native extension for WebGL target not found
Refreshing native plugins compatible for Editor in 1.21 ms, found 0 plugins.
Preloading 0 native plugins for Editor in 0.00 ms.
Invoked RoslynAnalysisRunner static constructor.
RoslynAnalysisRunner will not be running.
RoslynAnalysisRunner has terminated.
Mono: successfully reloaded assembly
- Completed reload, in  1.352 seconds
Platform modules already initialized, skipping
Refreshing native plugins compatible for Editor in 0.80 ms, found 0 plugins.
Preloading 0 native plugins for Editor in 0.00 ms.
Unloading 1594 Unused Serialized files (Serialized files now loaded: 0)
System memory in use before: 80.1 MB.
System memory in use after: 80.2 MB.

Unloading 26 unused Assets to reduce memory usage. Loaded Objects now: 2077.
Total: 1.953100 ms (FindLiveObjects: 0.166900 ms CreateObjectMapping: 0.052700 ms MarkObjects: 1.694000 ms  DeleteObjects: 0.038600 ms)

========================================================================
Received Import Request.
  Time since last request: 766.721739 seconds.
  path: Assets/External/Misc Icons/gallery_19109_135_2474024.png
  artifactKey: Guid(479ac87a0bb054e438dff9ff6b211778) Importer(815301076,1909f56bfc062723c751e8b465ee728b)
Start importing Assets/External/Misc Icons/gallery_19109_135_2474024.png using Guid(479ac87a0bb054e438dff9ff6b211778) Importer(815301076,1909f56bfc062723c751e8b465ee728b)  -> (artifact id: '66fd5bc7964f76c586deaaac25260741') in 0.159548 seconds
  Import took 0.163986 seconds .

========================================================================
Received Import Request.
  Time since last request: 0.000322 seconds.
  path: Assets/External/Misc Icons/MiscMenu.png
  artifactKey: Guid(6eb7b73255eb998439e2693f04b06644) Importer(815301076,1909f56bfc062723c751e8b465ee728b)
Start importing Assets/External/Misc Icons/MiscMenu.png using Guid(6eb7b73255eb998439e2693f04b06644) Importer(815301076,1909f56bfc062723c751e8b465ee728b)  -> (artifact id: '6aad1dad2fa6aa803d599fcf01078283') in 0.034394 seconds
  Import took 0.038666 seconds .

========================================================================
Received Import Request.
  Time since last request: 0.000379 seconds.
  path: Assets/External/Misc Icons/MiscStatusIcons1.png
  artifactKey: Guid(5e125f43e4019e24b824797058d49d2d) Importer(815301076,1909f56bfc062723c751e8b465ee728b)
Start importing Assets/External/Misc Icons/MiscStatusIcons1.png using Guid(5e125f43e4019e24b824797058d49d2d) Importer(815301076,1909f56bfc062723c751e8b465ee728b)  -> (artifact id: '7f6e03933514b282b3ad67c13038a5af') in 0.042149 seconds
  Import took 0.056819 seconds .

========================================================================
Received Import Request.
  Time since last request: 0.000344 seconds.
  path: Assets/External/Misc Icons/MiscStars.png
  artifactKey: Guid(491300961ea314c48979452f7d032755) Importer(815301076,1909f56bfc062723c751e8b465ee728b)
Start importing Assets/External/Misc Icons/MiscStars.png using Guid(491300961ea314c48979452f7d032755) Importer(815301076,1909f56bfc062723c751e8b465ee728b)  -> (artifact id: '15edace0ba63c7714e41fe526ba936c5') in 0.062486 seconds
  Import took 0.067340 seconds .

========================================================================
Received Import Request.
  Time since last request: 0.000396 seconds.
  path: Assets/External/Misc Icons/MiscStatusIcons2.png
  artifactKey: Guid(8bfc2f0dbb6d8b847b0dcece93b43f28) Importer(815301076,1909f56bfc062723c751e8b465ee728b)
Start importing Assets/External/Misc Icons/MiscStatusIcons2.png using Guid(8bfc2f0dbb6d8b847b0dcece93b43f28) Importer(815301076,1909f56bfc062723c751e8b465ee728b)  -> (artifact id: '0e91a59249b10c71142c13922c018a16') in 0.058538 seconds
  Import took 0.063221 seconds .

========================================================================
Received Import Request.
  Time since last request: 0.000285 seconds.
  path: Assets/External/Misc Icons/gallery_19109_135_2474024.png
  artifactKey: Guid(479ac87a0bb054e438dff9ff6b211778) Importer(815301076,1909f56bfc062723c751e8b465ee728b)
Start importing Assets/External/Misc Icons/gallery_19109_135_2474024.png using Guid(479ac87a0bb054e438dff9ff6b211778) Importer(815301076,1909f56bfc062723c751e8b465ee728b)  -> (artifact id: '66fd5bc7964f76c586deaaac25260741') in 0.009599 seconds
  Import took 0.014224 seconds .

========================================================================
Received Import Request.
  Time since last request: 0.000258 seconds.
  path: Assets/External/Misc Icons/MiscCommand.png
  artifactKey: Guid(71830875d91553f41a9834068dee9c82) Importer(815301076,1909f56bfc062723c751e8b465ee728b)
Start importing Assets/External/Misc Icons/MiscCommand.png using Guid(71830875d91553f41a9834068dee9c82) Importer(815301076,1909f56bfc062723c751e8b465ee728b)  -> (artifact id: '7f20ee2675b53906b3b8adcd3a40990f') in 0.018136 seconds
  Import took 0.022631 seconds .

========================================================================
Received Import Request.
  Time since last request: 141.856048 seconds.
  path: Assets/Prefabs/Army/CombatUI/CombatUnit.prefab
  artifactKey: Guid(b527712f0c0515b4d84a130b9cf9ec00) Importer(815301076,1909f56bfc062723c751e8b465ee728b)
Start importing Assets/Prefabs/Army/CombatUI/CombatUnit.prefab using Guid(b527712f0c0515b4d84a130b9cf9ec00) Importer(815301076,1909f56bfc062723c751e8b465ee728b)  -> (artifact id: 'feddc8f912084de445acb83b803d3f0c') in 0.088185 seconds
  Import took 0.103767 seconds .

========================================================================
Received Prepare
Registering precompiled user dll's ...
Registered in 0.002989 seconds.
Begin MonoManager ReloadAssembly
Native extension for WindowsStandalone target not found
Native extension for WebGL target not found
Refreshing native plugins compatible for Editor in 0.80 ms, found 0 plugins.
Preloading 0 native plugins for Editor in 0.00 ms.
Invoked RoslynAnalysisRunner static constructor.
RoslynAnalysisRunner will not be running.
RoslynAnalysisRunner has terminated.
Mono: successfully reloaded assembly
- Completed reload, in  1.365 seconds
Platform modules already initialized, skipping
Refreshing native plugins compatible for Editor in 0.80 ms, found 0 plugins.
Preloading 0 native plugins for Editor in 0.00 ms.
Unloading 1594 Unused Serialized files (Serialized files now loaded: 0)
System memory in use before: 79.3 MB.
System memory in use after: 79.4 MB.

Unloading 26 unused Assets to reduce memory usage. Loaded Objects now: 2089.
Total: 2.017300 ms (FindLiveObjects: 0.205200 ms CreateObjectMapping: 0.073400 ms MarkObjects: 1.689400 ms  DeleteObjects: 0.048300 ms)

========================================================================
Received Import Request.
  Time since last request: 11.032906 seconds.
  path: Assets/Prefabs/Army/CombatUI/CombatUnit.prefab
  artifactKey: Guid(b527712f0c0515b4d84a130b9cf9ec00) Importer(815301076,1909f56bfc062723c751e8b465ee728b)
Start importing Assets/Prefabs/Army/CombatUI/CombatUnit.prefab using Guid(b527712f0c0515b4d84a130b9cf9ec00) Importer(815301076,1909f56bfc062723c751e8b465ee728b)  -> (artifact id: '11c255cf86266b7a154aeb9e74353628') in 0.119642 seconds
  Import took 0.123049 seconds .

========================================================================
Received Import Request.
  Time since last request: 19.050327 seconds.
  path: Assets/Prefabs/Army/CombatUI/CombatUnit.prefab
  artifactKey: Guid(b527712f0c0515b4d84a130b9cf9ec00) Importer(815301076,1909f56bfc062723c751e8b465ee728b)
Start importing Assets/Prefabs/Army/CombatUI/CombatUnit.prefab using Guid(b527712f0c0515b4d84a130b9cf9ec00) Importer(815301076,1909f56bfc062723c751e8b465ee728b)  -> (artifact id: '2b91bb68b3d1cb32f0c4fd0ddcc03c0e') in 0.043835 seconds
  Import took 0.047759 seconds .

========================================================================
Received Import Request.
  Time since last request: 5.436141 seconds.
  path: Assets/Prefabs/Army/CombatUI/CombatUnit.prefab
  artifactKey: Guid(b527712f0c0515b4d84a130b9cf9ec00) Importer(815301076,1909f56bfc062723c751e8b465ee728b)
Start importing Assets/Prefabs/Army/CombatUI/CombatUnit.prefab using Guid(b527712f0c0515b4d84a130b9cf9ec00) Importer(815301076,1909f56bfc062723c751e8b465ee728b)  -> (artifact id: '1117eb5b0eda6cff1d82f7cf6507e5ca') in 0.038448 seconds
  Import took 0.042480 seconds .

========================================================================
Received Import Request.
  Time since last request: 5.345066 seconds.
  path: Assets/Prefabs/Army/CombatUI/CombatUnit.prefab
  artifactKey: Guid(b527712f0c0515b4d84a130b9cf9ec00) Importer(815301076,1909f56bfc062723c751e8b465ee728b)
Start importing Assets/Prefabs/Army/CombatUI/CombatUnit.prefab using Guid(b527712f0c0515b4d84a130b9cf9ec00) Importer(815301076,1909f56bfc062723c751e8b465ee728b)  -> (artifact id: 'b1a94e0e4881f496e59e2915d2eaea8d') in 0.036663 seconds
  Import took 0.040090 seconds .

========================================================================
Received Prepare
Registering precompiled user dll's ...
Registered in 0.003470 seconds.
Begin MonoManager ReloadAssembly
Native extension for WindowsStandalone target not found
Native extension for WebGL target not found
Refreshing native plugins compatible for Editor in 0.82 ms, found 0 plugins.
Preloading 0 native plugins for Editor in 0.00 ms.
Invoked RoslynAnalysisRunner static constructor.
RoslynAnalysisRunner will not be running.
RoslynAnalysisRunner has terminated.
Mono: successfully reloaded assembly
- Completed reload, in  1.345 seconds
Platform modules already initialized, skipping
Refreshing native plugins compatible for Editor in 0.91 ms, found 0 plugins.
Preloading 0 native plugins for Editor in 0.00 ms.
Unloading 1594 Unused Serialized files (Serialized files now loaded: 0)
System memory in use before: 79.5 MB.
System memory in use after: 79.6 MB.

Unloading 26 unused Assets to reduce memory usage. Loaded Objects now: 2092.
Total: 2.477000 ms (FindLiveObjects: 0.229600 ms CreateObjectMapping: 0.153500 ms MarkObjects: 2.074300 ms  DeleteObjects: 0.018400 ms)

========================================================================
Received Import Request.
  Time since last request: 151.127098 seconds.
  path: Assets/Prefabs/Army/CombatUI/CombatUnit.prefab
  artifactKey: Guid(b527712f0c0515b4d84a130b9cf9ec00) Importer(815301076,1909f56bfc062723c751e8b465ee728b)
Start importing Assets/Prefabs/Army/CombatUI/CombatUnit.prefab using Guid(b527712f0c0515b4d84a130b9cf9ec00) Importer(815301076,1909f56bfc062723c751e8b465ee728b)  -> (artifact id: '3981b134dc1319ed69b4d525abebb322') in 0.111983 seconds
  Import took 0.116002 seconds .

========================================================================
Received Prepare
Registering precompiled user dll's ...
Registered in 0.002628 seconds.
Begin MonoManager ReloadAssembly
Native extension for WindowsStandalone target not found
Native extension for WebGL target not found
Refreshing native plugins compatible for Editor in 0.94 ms, found 0 plugins.
Preloading 0 native plugins for Editor in 0.00 ms.
Invoked RoslynAnalysisRunner static constructor.
RoslynAnalysisRunner will not be running.
RoslynAnalysisRunner has terminated.
Mono: successfully reloaded assembly
- Completed reload, in  1.494 seconds
Platform modules already initialized, skipping
Refreshing native plugins compatible for Editor in 0.80 ms, found 0 plugins.
Preloading 0 native plugins for Editor in 0.00 ms.
Unloading 1594 Unused Serialized files (Serialized files now loaded: 0)
System memory in use before: 79.7 MB.
System memory in use after: 79.8 MB.

Unloading 26 unused Assets to reduce memory usage. Loaded Objects now: 2095.
Total: 2.237700 ms (FindLiveObjects: 0.296700 ms CreateObjectMapping: 0.085100 ms MarkObjects: 1.804000 ms  DeleteObjects: 0.050700 ms)

========================================================================
Received Prepare
Registering precompiled user dll's ...
Registered in 0.002537 seconds.
Begin MonoManager ReloadAssembly
Native extension for WindowsStandalone target not found
Native extension for WebGL target not found
Refreshing native plugins compatible for Editor in 1.05 ms, found 0 plugins.
Preloading 0 native plugins for Editor in 0.00 ms.
Invoked RoslynAnalysisRunner static constructor.
RoslynAnalysisRunner will not be running.
RoslynAnalysisRunner has terminated.
Mono: successfully reloaded assembly
- Completed reload, in  1.311 seconds
Platform modules already initialized, skipping
Refreshing native plugins compatible for Editor in 0.83 ms, found 0 plugins.
Preloading 0 native plugins for Editor in 0.00 ms.
Unloading 1594 Unused Serialized files (Serialized files now loaded: 0)
System memory in use before: 79.9 MB.
System memory in use after: 80.0 MB.

Unloading 26 unused Assets to reduce memory usage. Loaded Objects now: 2097.
Total: 1.913900 ms (FindLiveObjects: 0.168900 ms CreateObjectMapping: 0.054500 ms MarkObjects: 1.635300 ms  DeleteObjects: 0.054100 ms)

========================================================================
Received Import Request.
  Time since last request: 471.611202 seconds.
  path: Assets/Prefabs/Army/CombatUI/CombatUnit.prefab
  artifactKey: Guid(b527712f0c0515b4d84a130b9cf9ec00) Importer(815301076,1909f56bfc062723c751e8b465ee728b)
Start importing Assets/Prefabs/Army/CombatUI/CombatUnit.prefab using Guid(b527712f0c0515b4d84a130b9cf9ec00) Importer(815301076,1909f56bfc062723c751e8b465ee728b)  -> (artifact id: 'e39d8566741361ecf0a2e69bd6cae2db') in 0.122185 seconds
  Import took 0.126209 seconds .

========================================================================
Received Prepare
Registering precompiled user dll's ...
Registered in 0.003091 seconds.
Begin MonoManager ReloadAssembly
Native extension for WindowsStandalone target not found
Native extension for WebGL target not found
Refreshing native plugins compatible for Editor in 1.00 ms, found 0 plugins.
Preloading 0 native plugins for Editor in 0.00 ms.
Invoked RoslynAnalysisRunner static constructor.
RoslynAnalysisRunner will not be running.
RoslynAnalysisRunner has terminated.
Mono: successfully reloaded assembly
- Completed reload, in  1.467 seconds
Platform modules already initialized, skipping
Refreshing native plugins compatible for Editor in 0.85 ms, found 0 plugins.
Preloading 0 native plugins for Editor in 0.00 ms.
Unloading 1594 Unused Serialized files (Serialized files now loaded: 0)
System memory in use before: 80.1 MB.
System memory in use after: 80.2 MB.

Unloading 26 unused Assets to reduce memory usage. Loaded Objects now: 2100.
Total: 2.210600 ms (FindLiveObjects: 0.203700 ms CreateObjectMapping: 0.071900 ms MarkObjects: 1.912800 ms  DeleteObjects: 0.020800 ms)

========================================================================
Received Import Request.
  Time since last request: 621.378430 seconds.
  path: ProjectSettings/TagManager.asset
  artifactKey: Guid(00000000000000003000000000000000) Importer(815301076,1909f56bfc062723c751e8b465ee728b)
Start importing ProjectSettings/TagManager.asset using Guid(00000000000000003000000000000000) Importer(815301076,1909f56bfc062723c751e8b465ee728b)  -> (artifact id: 'ff42fe6c5be1365d67d4e6da9086872f') in 0.018882 seconds
  Import took 0.023566 seconds .

========================================================================
Received Import Request.
  Time since last request: 159.609881 seconds.
  path: Assets/Prefabs/Army/CombatUI/BattleDisplay.prefab
  artifactKey: Guid(a142ca29ab85c98468281adb2e1cd328) Importer(815301076,1909f56bfc062723c751e8b465ee728b)
Start importing Assets/Prefabs/Army/CombatUI/BattleDisplay.prefab using Guid(a142ca29ab85c98468281adb2e1cd328) Importer(815301076,1909f56bfc062723c751e8b465ee728b)  -> (artifact id: '8fc6e99a6f7128444d0fffaba8c944e4') in 0.110109 seconds
  Import took 0.115003 seconds .

========================================================================
Received Import Request.
  Time since last request: 2.441795 seconds.
  path: Assets/Prefabs/Army/CombatUI/BattleDisplay.prefab
  artifactKey: Guid(a142ca29ab85c98468281adb2e1cd328) Importer(815301076,1909f56bfc062723c751e8b465ee728b)
Start importing Assets/Prefabs/Army/CombatUI/BattleDisplay.prefab using Guid(a142ca29ab85c98468281adb2e1cd328) Importer(815301076,1909f56bfc062723c751e8b465ee728b)  -> (artifact id: '707bfb5e05f3dc76bca6b0ba45e0b892') in 0.047651 seconds
  Import took 0.051858 seconds .

========================================================================
Received Import Request.
  Time since last request: 2.994441 seconds.
  path: Assets/Prefabs/Army/CombatUI/BattleDisplay.prefab
  artifactKey: Guid(a142ca29ab85c98468281adb2e1cd328) Importer(815301076,1909f56bfc062723c751e8b465ee728b)
Start importing Assets/Prefabs/Army/CombatUI/BattleDisplay.prefab using Guid(a142ca29ab85c98468281adb2e1cd328) Importer(815301076,1909f56bfc062723c751e8b465ee728b)  -> (artifact id: '8a5966b9b9da539b3aa922bef75df3bd') in 0.043964 seconds
  Import took 0.048661 seconds .

========================================================================
Received Import Request.
  Time since last request: 5.929246 seconds.
  path: Assets/Prefabs/Army/CombatUI/BattleDisplay.prefab
  artifactKey: Guid(a142ca29ab85c98468281adb2e1cd328) Importer(815301076,1909f56bfc062723c751e8b465ee728b)
Start importing Assets/Prefabs/Army/CombatUI/BattleDisplay.prefab using Guid(a142ca29ab85c98468281adb2e1cd328) Importer(815301076,1909f56bfc062723c751e8b465ee728b)  -> (artifact id: '6b236db2f3133e8e8918716b256e832c') in 0.042242 seconds
  Import took 0.047091 seconds .

========================================================================
Received Import Request.
  Time since last request: 1.779171 seconds.
  path: Assets/Prefabs/Army/CombatUI/BattleDisplay.prefab
  artifactKey: Guid(a142ca29ab85c98468281adb2e1cd328) Importer(815301076,1909f56bfc062723c751e8b465ee728b)
Start importing Assets/Prefabs/Army/CombatUI/BattleDisplay.prefab using Guid(a142ca29ab85c98468281adb2e1cd328) Importer(815301076,1909f56bfc062723c751e8b465ee728b)  -> (artifact id: 'b0720f4ce3cb8d4a3cb3ef55e4aa6471') in 0.040812 seconds
  Import took 0.045139 seconds .

========================================================================
Received Import Request.
  Time since last request: 2.208244 seconds.
  path: Assets/Prefabs/Army/CombatUI/BattleDisplay.prefab
  artifactKey: Guid(a142ca29ab85c98468281adb2e1cd328) Importer(815301076,1909f56bfc062723c751e8b465ee728b)
Start importing Assets/Prefabs/Army/CombatUI/BattleDisplay.prefab using Guid(a142ca29ab85c98468281adb2e1cd328) Importer(815301076,1909f56bfc062723c751e8b465ee728b)  -> (artifact id: '003dc9b4c316cfa29543803ecce33045') in 0.065513 seconds
  Import took 0.071182 seconds .

========================================================================
Received Import Request.
  Time since last request: 0.561716 seconds.
  path: Assets/Prefabs/Army/CombatUI/BattleDisplay.prefab
  artifactKey: Guid(a142ca29ab85c98468281adb2e1cd328) Importer(815301076,1909f56bfc062723c751e8b465ee728b)
Start importing Assets/Prefabs/Army/CombatUI/BattleDisplay.prefab using Guid(a142ca29ab85c98468281adb2e1cd328) Importer(815301076,1909f56bfc062723c751e8b465ee728b)  -> (artifact id: 'b9451ecba4d794ee740bf46c45b5afd8') in 0.038771 seconds
  Import took 0.043089 seconds .

========================================================================
Received Import Request.
  Time since last request: 2.761440 seconds.
  path: Assets/Prefabs/Army/CombatUI/BattleDisplay.prefab
  artifactKey: Guid(a142ca29ab85c98468281adb2e1cd328) Importer(815301076,1909f56bfc062723c751e8b465ee728b)
Start importing Assets/Prefabs/Army/CombatUI/BattleDisplay.prefab using Guid(a142ca29ab85c98468281adb2e1cd328) Importer(815301076,1909f56bfc062723c751e8b465ee728b)  -> (artifact id: 'ddad6d760e5802a4b43516068e3d3f3a') in 0.064675 seconds
  Import took 0.069336 seconds .

========================================================================
Received Import Request.
  Time since last request: 13.331122 seconds.
  path: Assets/Prefabs/Army/CombatUI/BattleDisplay.prefab
  artifactKey: Guid(a142ca29ab85c98468281adb2e1cd328) Importer(815301076,1909f56bfc062723c751e8b465ee728b)
Start importing Assets/Prefabs/Army/CombatUI/BattleDisplay.prefab using Guid(a142ca29ab85c98468281adb2e1cd328) Importer(815301076,1909f56bfc062723c751e8b465ee728b)  -> (artifact id: '15d54515413a78d537f0e03ff8dc0409') in 0.045155 seconds
  Import took 0.049581 seconds .

========================================================================
Received Import Request.
  Time since last request: 1.779205 seconds.
  path: Assets/Prefabs/Army/CombatUI/BattleDisplay.prefab
  artifactKey: Guid(a142ca29ab85c98468281adb2e1cd328) Importer(815301076,1909f56bfc062723c751e8b465ee728b)
Start importing Assets/Prefabs/Army/CombatUI/BattleDisplay.prefab using Guid(a142ca29ab85c98468281adb2e1cd328) Importer(815301076,1909f56bfc062723c751e8b465ee728b)  -> (artifact id: 'fcfc156f194e17201c463385d335c04f') in 0.047011 seconds
  Import took 0.051935 seconds .

========================================================================
Received Import Request.
  Time since last request: 2.164846 seconds.
  path: Assets/Prefabs/Army/CombatUI/BattleDisplay.prefab
  artifactKey: Guid(a142ca29ab85c98468281adb2e1cd328) Importer(815301076,1909f56bfc062723c751e8b465ee728b)
Start importing Assets/Prefabs/Army/CombatUI/BattleDisplay.prefab using Guid(a142ca29ab85c98468281adb2e1cd328) Importer(815301076,1909f56bfc062723c751e8b465ee728b)  -> (artifact id: '6e37a44e634831a7ccce1f68eba4c84c') in 0.045000 seconds
  Import took 0.050388 seconds .

========================================================================
Received Import Request.
  Time since last request: 2.022093 seconds.
  path: Assets/Prefabs/Army/CombatUI/BattleDisplay.prefab
  artifactKey: Guid(a142ca29ab85c98468281adb2e1cd328) Importer(815301076,1909f56bfc062723c751e8b465ee728b)
Start importing Assets/Prefabs/Army/CombatUI/BattleDisplay.prefab using Guid(a142ca29ab85c98468281adb2e1cd328) Importer(815301076,1909f56bfc062723c751e8b465ee728b)  -> (artifact id: 'd39c592e980e76a9163e488d03e3bd33') in 0.042681 seconds
  Import took 0.046491 seconds .

========================================================================
Received Import Request.
  Time since last request: 20.618599 seconds.
  path: Assets/Prefabs/Army/CombatUI/BattleDisplay.prefab
  artifactKey: Guid(a142ca29ab85c98468281adb2e1cd328) Importer(815301076,1909f56bfc062723c751e8b465ee728b)
Start importing Assets/Prefabs/Army/CombatUI/BattleDisplay.prefab using Guid(a142ca29ab85c98468281adb2e1cd328) Importer(815301076,1909f56bfc062723c751e8b465ee728b)  -> (artifact id: '340c6c40dad47f5e70cbfe5934ddc243') in 0.040802 seconds
  Import took 0.045020 seconds .

========================================================================
Received Import Request.
  Time since last request: 6.053790 seconds.
  path: Assets/Prefabs/Army/CombatUI/BattleDisplay.prefab
  artifactKey: Guid(a142ca29ab85c98468281adb2e1cd328) Importer(815301076,1909f56bfc062723c751e8b465ee728b)
Start importing Assets/Prefabs/Army/CombatUI/BattleDisplay.prefab using Guid(a142ca29ab85c98468281adb2e1cd328) Importer(815301076,1909f56bfc062723c751e8b465ee728b)  -> (artifact id: 'a2542905b31979582de2077cd5ddd7ff') in 0.064017 seconds
  Import took 0.081057 seconds .

========================================================================
Received Import Request.
  Time since last request: 25.082166 seconds.
  path: Assets/Prefabs/Army/CombatUI/BattleDisplay.prefab
  artifactKey: Guid(a142ca29ab85c98468281adb2e1cd328) Importer(815301076,1909f56bfc062723c751e8b465ee728b)
Start importing Assets/Prefabs/Army/CombatUI/BattleDisplay.prefab using Guid(a142ca29ab85c98468281adb2e1cd328) Importer(815301076,1909f56bfc062723c751e8b465ee728b)  -> (artifact id: '83fad8c6dde36ba2f9fd474623d72376') in 0.049034 seconds
  Import took 0.078484 seconds .

========================================================================
Received Import Request.
  Time since last request: 20.331172 seconds.
  path: Assets/Prefabs/Army/CombatUI/BattleDisplay.prefab
  artifactKey: Guid(a142ca29ab85c98468281adb2e1cd328) Importer(815301076,1909f56bfc062723c751e8b465ee728b)
Start importing Assets/Prefabs/Army/CombatUI/BattleDisplay.prefab using Guid(a142ca29ab85c98468281adb2e1cd328) Importer(815301076,1909f56bfc062723c751e8b465ee728b)  -> (artifact id: 'daf9a88947348dd9569954044efe98fc') in 0.044449 seconds
  Import took 0.048551 seconds .

========================================================================
Received Prepare
Registering precompiled user dll's ...
Registered in 0.003117 seconds.
Begin MonoManager ReloadAssembly
Native extension for WindowsStandalone target not found
Native extension for WebGL target not found
Refreshing native plugins compatible for Editor in 1.09 ms, found 0 plugins.
Preloading 0 native plugins for Editor in 0.00 ms.
Invoked RoslynAnalysisRunner static constructor.
RoslynAnalysisRunner will not be running.
RoslynAnalysisRunner has terminated.
Mono: successfully reloaded assembly
- Completed reload, in  1.680 seconds
Platform modules already initialized, skipping
Refreshing native plugins compatible for Editor in 1.39 ms, found 0 plugins.
Preloading 0 native plugins for Editor in 0.00 ms.
Unloading 1594 Unused Serialized files (Serialized files now loaded: 0)
System memory in use before: 80.2 MB.
System memory in use after: 80.3 MB.

Unloading 27 unused Assets to reduce memory usage. Loaded Objects now: 2103.
Total: 2.258100 ms (FindLiveObjects: 0.270800 ms CreateObjectMapping: 0.073200 ms MarkObjects: 1.871900 ms  DeleteObjects: 0.040900 ms)

